2024-02-08 20:56:21,079 [Worker-5: Loading available Gradle versions] INFO  o.e.b.c.i.u.g.PublishedGradleVersions - Gradle version information cache is up-to-date. Trying to read.
2024-02-08 20:56:49,564 [Worker-6: Building] INFO  o.e.m.c.i.l.LifecycleMappingFactory - Using org.eclipse.m2e.jdt.JarLifecycleMapping lifecycle mapping for MavenProject: Semana01:Semana01:0.0.1-SNAPSHOT @ E:\04-CIBERTEC\Ciclo 04\lenguaje_progra_2\EXAMENES\proyecto-jpa-main\proyecto-jpa-main\pom.xml.
2024-02-08 20:56:51,046 [Worker-6: Building] WARN  o.a.m.s.f.DefaultMavenResourcesFiltering - Using platform encoding (UTF-8 actually) to copy filtered resources, i.e. build is platform dependent!
2024-02-08 20:56:51,049 [Worker-6: Building] INFO  o.a.m.s.f.DefaultMavenResourcesFiltering - Copying 1 resource from src\main\java to target\classes
2024-02-08 20:56:51,056 [Worker-6: Building] WARN  o.a.m.s.f.DefaultMavenResourcesFiltering - Using platform encoding (UTF-8 actually) to copy filtered resources, i.e. build is platform dependent!
2024-02-08 20:56:51,056 [Worker-6: Building] INFO  o.a.m.s.f.DefaultMavenResourcesFiltering - skip non existing resourceDirectory E:\04-CIBERTEC\Ciclo 04\lenguaje_progra_2\EXAMENES\proyecto-jpa-main\proyecto-jpa-main\src\test\resources
2024-02-08 20:58:28,731 [Worker-14: Building] WARN  o.a.m.s.f.DefaultMavenResourcesFiltering - Using platform encoding (UTF-8 actually) to copy filtered resources, i.e. build is platform dependent!
2024-02-08 20:58:28,732 [Worker-14: Building] INFO  o.a.m.s.f.DefaultMavenResourcesFiltering - Copying 1 resource from src\main\java to target\classes
2024-02-08 20:58:28,738 [Worker-14: Building] WARN  o.a.m.s.f.DefaultMavenResourcesFiltering - Using platform encoding (UTF-8 actually) to copy filtered resources, i.e. build is platform dependent!
2024-02-08 20:58:28,739 [Worker-14: Building] INFO  o.a.m.s.f.DefaultMavenResourcesFiltering - skip non existing resourceDirectory E:\04-CIBERTEC\Ciclo 04\lenguaje_progra_2\EXAMENES\proyecto-jpa-main\proyecto-jpa-main\src\test\resources
2024-02-08 20:58:38,074 [Worker-31: Building] WARN  o.a.m.s.f.DefaultMavenResourcesFiltering - Using platform encoding (UTF-8 actually) to copy filtered resources, i.e. build is platform dependent!
2024-02-08 20:58:38,075 [Worker-31: Building] INFO  o.a.m.s.f.DefaultMavenResourcesFiltering - Copying 1 resource from src\main\java to target\classes
2024-02-08 20:58:38,077 [Worker-31: Building] WARN  o.a.m.s.f.DefaultMavenResourcesFiltering - Using platform encoding (UTF-8 actually) to copy filtered resources, i.e. build is platform dependent!
2024-02-08 20:58:38,077 [Worker-31: Building] INFO  o.a.m.s.f.DefaultMavenResourcesFiltering - skip non existing resourceDirectory E:\04-CIBERTEC\Ciclo 04\lenguaje_progra_2\EXAMENES\proyecto-jpa-main\proyecto-jpa-main\src\test\resources
2024-02-08 21:00:32,171 [Worker-34: Building] WARN  o.a.m.s.f.DefaultMavenResourcesFiltering - Using platform encoding (UTF-8 actually) to copy filtered resources, i.e. build is platform dependent!
2024-02-08 21:00:32,172 [Worker-34: Building] INFO  o.a.m.s.f.DefaultMavenResourcesFiltering - Copying 1 resource from src\main\java to target\classes
2024-02-08 21:00:32,175 [Worker-34: Building] WARN  o.a.m.s.f.DefaultMavenResourcesFiltering - Using platform encoding (UTF-8 actually) to copy filtered resources, i.e. build is platform dependent!
2024-02-08 21:00:32,175 [Worker-34: Building] INFO  o.a.m.s.f.DefaultMavenResourcesFiltering - skip non existing resourceDirectory E:\04-CIBERTEC\Ciclo 04\lenguaje_progra_2\EXAMENES\proyecto-jpa-main\proyecto-jpa-main\src\test\resources
2024-02-08 21:02:41,997 [Worker-14: Building] WARN  o.a.m.s.f.DefaultMavenResourcesFiltering - Using platform encoding (UTF-8 actually) to copy filtered resources, i.e. build is platform dependent!
2024-02-08 21:02:41,998 [Worker-14: Building] INFO  o.a.m.s.f.DefaultMavenResourcesFiltering - Copying 0 resource from src\main\java to target\classes
2024-02-08 21:02:41,999 [Worker-14: Building] WARN  o.a.m.s.f.DefaultMavenResourcesFiltering - Using platform encoding (UTF-8 actually) to copy filtered resources, i.e. build is platform dependent!
2024-02-08 21:02:42,000 [Worker-14: Building] INFO  o.a.m.s.f.DefaultMavenResourcesFiltering - skip non existing resourceDirectory E:\04-CIBERTEC\Ciclo 04\lenguaje_progra_2\EXAMENES\proyecto-jpa-main\proyecto-jpa-main\src\test\resources
2024-02-08 21:02:45,139 [Worker-34: Building] WARN  o.a.m.s.f.DefaultMavenResourcesFiltering - Using platform encoding (UTF-8 actually) to copy filtered resources, i.e. build is platform dependent!
2024-02-08 21:02:45,140 [Worker-34: Building] INFO  o.a.m.s.f.DefaultMavenResourcesFiltering - Copying 1 resource from src\main\java to target\classes
2024-02-08 21:02:45,143 [Worker-34: Building] WARN  o.a.m.s.f.DefaultMavenResourcesFiltering - Using platform encoding (UTF-8 actually) to copy filtered resources, i.e. build is platform dependent!
2024-02-08 21:02:45,143 [Worker-34: Building] INFO  o.a.m.s.f.DefaultMavenResourcesFiltering - skip non existing resourceDirectory E:\04-CIBERTEC\Ciclo 04\lenguaje_progra_2\EXAMENES\proyecto-jpa-main\proyecto-jpa-main\src\test\resources
2024-02-08 21:03:16,982 [Worker-18: Updating Maven Project] INFO  o.e.m.c.i.p.ProjectConfigurationManager - Update started
2024-02-08 21:03:17,263 [Worker-18: Updating Maven Project] INFO  o.e.m.c.i.l.LifecycleMappingFactory - Using org.eclipse.m2e.jdt.JarLifecycleMapping lifecycle mapping for MavenProject: Semana01:Semana01:0.0.1-SNAPSHOT @ E:\04-CIBERTEC\Ciclo 04\lenguaje_progra_2\EXAMENES\proyecto-jpa-main\proyecto-jpa-main\pom.xml.
2024-02-08 21:03:17,370 [Worker-18: Updating Maven Project] INFO  o.e.m.j.i.AbstractJavaProjectConfigurator - Adding source folder /proyecto-jpa-main/src/main/java
2024-02-08 21:03:17,371 [Worker-18: Updating Maven Project] INFO  o.e.m.j.i.AbstractJavaProjectConfigurator - Resources folder /proyecto-jpa-main/src/main/java overlaps with sources folder /proyecto-jpa-main/src/main/java
2024-02-08 21:03:17,371 [Worker-18: Updating Maven Project] INFO  o.e.m.j.i.AbstractJavaProjectConfigurator - Adding source folder /proyecto-jpa-main/src/test/java
2024-02-08 21:03:17,372 [Worker-18: Updating Maven Project] INFO  o.e.m.j.i.AbstractJavaProjectConfigurator - Adding resource folder /proyecto-jpa-main/src/test/resources
2024-02-08 21:03:17,480 [Worker-18: Updating Maven Project] INFO  o.e.m.c.i.p.ProjectConfigurationManager - Update completed for 1 poms: local refresh takes 0.00 sec, refresh facades takes 0.00 sec, update config takes 0.00 sec 
2024-02-08 21:03:17,786 [Worker-35: Building] WARN  o.a.m.s.f.DefaultMavenResourcesFiltering - Using platform encoding (UTF-8 actually) to copy filtered resources, i.e. build is platform dependent!
2024-02-08 21:03:17,787 [Worker-35: Building] INFO  o.a.m.s.f.DefaultMavenResourcesFiltering - Copying 1 resource from src\main\java to target\classes
2024-02-08 21:03:17,793 [Worker-35: Building] WARN  o.a.m.s.f.DefaultMavenResourcesFiltering - Using platform encoding (UTF-8 actually) to copy filtered resources, i.e. build is platform dependent!
2024-02-08 21:03:17,794 [Worker-35: Building] INFO  o.a.m.s.f.DefaultMavenResourcesFiltering - skip non existing resourceDirectory E:\04-CIBERTEC\Ciclo 04\lenguaje_progra_2\EXAMENES\proyecto-jpa-main\proyecto-jpa-main\src\test\resources
2024-02-08 21:07:59,905 [Worker-36: Building] WARN  o.a.m.s.f.DefaultMavenResourcesFiltering - Using platform encoding (UTF-8 actually) to copy filtered resources, i.e. build is platform dependent!
2024-02-08 21:07:59,907 [Worker-36: Building] INFO  o.a.m.s.f.DefaultMavenResourcesFiltering - Copying 1 resource from src\main\java to target\classes
2024-02-08 21:07:59,909 [Worker-36: Building] WARN  o.a.m.s.f.DefaultMavenResourcesFiltering - Using platform encoding (UTF-8 actually) to copy filtered resources, i.e. build is platform dependent!
2024-02-08 21:07:59,909 [Worker-36: Building] INFO  o.a.m.s.f.DefaultMavenResourcesFiltering - skip non existing resourceDirectory E:\04-CIBERTEC\Ciclo 04\lenguaje_progra_2\EXAMENES\proyecto-jpa-main\proyecto-jpa-main\src\test\resources
2024-02-08 21:08:10,041 [Worker-14: Building] WARN  o.a.m.s.f.DefaultMavenResourcesFiltering - Using platform encoding (UTF-8 actually) to copy filtered resources, i.e. build is platform dependent!
2024-02-08 21:08:10,041 [Worker-14: Building] INFO  o.a.m.s.f.DefaultMavenResourcesFiltering - Copying 1 resource from src\main\java to target\classes
2024-02-08 21:08:10,044 [Worker-14: Building] WARN  o.a.m.s.f.DefaultMavenResourcesFiltering - Using platform encoding (UTF-8 actually) to copy filtered resources, i.e. build is platform dependent!
2024-02-08 21:08:10,044 [Worker-14: Building] INFO  o.a.m.s.f.DefaultMavenResourcesFiltering - skip non existing resourceDirectory E:\04-CIBERTEC\Ciclo 04\lenguaje_progra_2\EXAMENES\proyecto-jpa-main\proyecto-jpa-main\src\test\resources
2024-02-08 21:08:18,618 [Worker-38: Building] WARN  o.a.m.s.f.DefaultMavenResourcesFiltering - Using platform encoding (UTF-8 actually) to copy filtered resources, i.e. build is platform dependent!
2024-02-08 21:08:18,619 [Worker-38: Building] INFO  o.a.m.s.f.DefaultMavenResourcesFiltering - Copying 1 resource from src\main\java to target\classes
2024-02-08 21:08:18,621 [Worker-38: Building] WARN  o.a.m.s.f.DefaultMavenResourcesFiltering - Using platform encoding (UTF-8 actually) to copy filtered resources, i.e. build is platform dependent!
2024-02-08 21:08:18,621 [Worker-38: Building] INFO  o.a.m.s.f.DefaultMavenResourcesFiltering - skip non existing resourceDirectory E:\04-CIBERTEC\Ciclo 04\lenguaje_progra_2\EXAMENES\proyecto-jpa-main\proyecto-jpa-main\src\test\resources
2024-02-08 21:08:37,840 [Worker-36: Building] WARN  o.a.m.s.f.DefaultMavenResourcesFiltering - Using platform encoding (UTF-8 actually) to copy filtered resources, i.e. build is platform dependent!
2024-02-08 21:08:37,841 [Worker-36: Building] INFO  o.a.m.s.f.DefaultMavenResourcesFiltering - Copying 1 resource from src\main\java to target\classes
2024-02-08 21:08:37,844 [Worker-36: Building] WARN  o.a.m.s.f.DefaultMavenResourcesFiltering - Using platform encoding (UTF-8 actually) to copy filtered resources, i.e. build is platform dependent!
2024-02-08 21:08:37,845 [Worker-36: Building] INFO  o.a.m.s.f.DefaultMavenResourcesFiltering - skip non existing resourceDirectory E:\04-CIBERTEC\Ciclo 04\lenguaje_progra_2\EXAMENES\proyecto-jpa-main\proyecto-jpa-main\src\test\resources
2024-02-08 21:08:51,262 [Worker-38: Building] WARN  o.a.m.s.f.DefaultMavenResourcesFiltering - Using platform encoding (UTF-8 actually) to copy filtered resources, i.e. build is platform dependent!
2024-02-08 21:08:51,263 [Worker-38: Building] INFO  o.a.m.s.f.DefaultMavenResourcesFiltering - Copying 1 resource from src\main\java to target\classes
2024-02-08 21:08:51,267 [Worker-38: Building] WARN  o.a.m.s.f.DefaultMavenResourcesFiltering - Using platform encoding (UTF-8 actually) to copy filtered resources, i.e. build is platform dependent!
2024-02-08 21:08:51,268 [Worker-38: Building] INFO  o.a.m.s.f.DefaultMavenResourcesFiltering - skip non existing resourceDirectory E:\04-CIBERTEC\Ciclo 04\lenguaje_progra_2\EXAMENES\proyecto-jpa-main\proyecto-jpa-main\src\test\resources
2024-02-08 21:09:06,965 [Worker-38: Building] WARN  o.a.m.s.f.DefaultMavenResourcesFiltering - Using platform encoding (UTF-8 actually) to copy filtered resources, i.e. build is platform dependent!
2024-02-08 21:09:06,966 [Worker-38: Building] INFO  o.a.m.s.f.DefaultMavenResourcesFiltering - Copying 1 resource from src\main\java to target\classes
2024-02-08 21:09:06,968 [Worker-38: Building] WARN  o.a.m.s.f.DefaultMavenResourcesFiltering - Using platform encoding (UTF-8 actually) to copy filtered resources, i.e. build is platform dependent!
2024-02-08 21:09:06,969 [Worker-38: Building] INFO  o.a.m.s.f.DefaultMavenResourcesFiltering - skip non existing resourceDirectory E:\04-CIBERTEC\Ciclo 04\lenguaje_progra_2\EXAMENES\proyecto-jpa-main\proyecto-jpa-main\src\test\resources
2024-02-08 21:12:50,746 [Worker-40: Building] WARN  o.a.m.s.f.DefaultMavenResourcesFiltering - Using platform encoding (UTF-8 actually) to copy filtered resources, i.e. build is platform dependent!
2024-02-08 21:12:50,747 [Worker-40: Building] INFO  o.a.m.s.f.DefaultMavenResourcesFiltering - Copying 1 resource from src\main\java to target\classes
2024-02-08 21:12:50,752 [Worker-40: Building] WARN  o.a.m.s.f.DefaultMavenResourcesFiltering - Using platform encoding (UTF-8 actually) to copy filtered resources, i.e. build is platform dependent!
2024-02-08 21:12:50,752 [Worker-40: Building] INFO  o.a.m.s.f.DefaultMavenResourcesFiltering - skip non existing resourceDirectory E:\04-CIBERTEC\Ciclo 04\lenguaje_progra_2\EXAMENES\proyecto-jpa-main\proyecto-jpa-main\src\test\resources
2024-02-08 21:13:21,041 [Worker-37: Building] WARN  o.a.m.s.f.DefaultMavenResourcesFiltering - Using platform encoding (UTF-8 actually) to copy filtered resources, i.e. build is platform dependent!
2024-02-08 21:13:21,042 [Worker-37: Building] INFO  o.a.m.s.f.DefaultMavenResourcesFiltering - Copying 1 resource from src\main\java to target\classes
2024-02-08 21:13:21,044 [Worker-37: Building] WARN  o.a.m.s.f.DefaultMavenResourcesFiltering - Using platform encoding (UTF-8 actually) to copy filtered resources, i.e. build is platform dependent!
2024-02-08 21:13:21,044 [Worker-37: Building] INFO  o.a.m.s.f.DefaultMavenResourcesFiltering - skip non existing resourceDirectory E:\04-CIBERTEC\Ciclo 04\lenguaje_progra_2\EXAMENES\proyecto-jpa-main\proyecto-jpa-main\src\test\resources
2024-02-08 21:13:29,193 [Worker-41: Building] WARN  o.a.m.s.f.DefaultMavenResourcesFiltering - Using platform encoding (UTF-8 actually) to copy filtered resources, i.e. build is platform dependent!
2024-02-08 21:13:29,194 [Worker-41: Building] INFO  o.a.m.s.f.DefaultMavenResourcesFiltering - Copying 1 resource from src\main\java to target\classes
2024-02-08 21:13:29,196 [Worker-41: Building] WARN  o.a.m.s.f.DefaultMavenResourcesFiltering - Using platform encoding (UTF-8 actually) to copy filtered resources, i.e. build is platform dependent!
2024-02-08 21:13:29,197 [Worker-41: Building] INFO  o.a.m.s.f.DefaultMavenResourcesFiltering - skip non existing resourceDirectory E:\04-CIBERTEC\Ciclo 04\lenguaje_progra_2\EXAMENES\proyecto-jpa-main\proyecto-jpa-main\src\test\resources
2024-02-08 21:15:02,319 [Worker-44: Building] WARN  o.a.m.s.f.DefaultMavenResourcesFiltering - Using platform encoding (UTF-8 actually) to copy filtered resources, i.e. build is platform dependent!
2024-02-08 21:15:02,320 [Worker-44: Building] INFO  o.a.m.s.f.DefaultMavenResourcesFiltering - Copying 1 resource from src\main\java to target\classes
2024-02-08 21:15:02,322 [Worker-44: Building] WARN  o.a.m.s.f.DefaultMavenResourcesFiltering - Using platform encoding (UTF-8 actually) to copy filtered resources, i.e. build is platform dependent!
2024-02-08 21:15:02,323 [Worker-44: Building] INFO  o.a.m.s.f.DefaultMavenResourcesFiltering - skip non existing resourceDirectory E:\04-CIBERTEC\Ciclo 04\lenguaje_progra_2\EXAMENES\proyecto-jpa-main\proyecto-jpa-main\src\test\resources
2024-02-08 21:15:30,570 [Worker-43: Building] WARN  o.a.m.s.f.DefaultMavenResourcesFiltering - Using platform encoding (UTF-8 actually) to copy filtered resources, i.e. build is platform dependent!
2024-02-08 21:15:30,571 [Worker-43: Building] INFO  o.a.m.s.f.DefaultMavenResourcesFiltering - Copying 1 resource from src\main\java to target\classes
2024-02-08 21:15:30,572 [Worker-43: Building] WARN  o.a.m.s.f.DefaultMavenResourcesFiltering - Using platform encoding (UTF-8 actually) to copy filtered resources, i.e. build is platform dependent!
2024-02-08 21:15:30,573 [Worker-43: Building] INFO  o.a.m.s.f.DefaultMavenResourcesFiltering - skip non existing resourceDirectory E:\04-CIBERTEC\Ciclo 04\lenguaje_progra_2\EXAMENES\proyecto-jpa-main\proyecto-jpa-main\src\test\resources
2024-02-08 21:15:33,474 [Worker-40: Building] WARN  o.a.m.s.f.DefaultMavenResourcesFiltering - Using platform encoding (UTF-8 actually) to copy filtered resources, i.e. build is platform dependent!
2024-02-08 21:15:33,475 [Worker-40: Building] INFO  o.a.m.s.f.DefaultMavenResourcesFiltering - Copying 1 resource from src\main\java to target\classes
2024-02-08 21:15:33,477 [Worker-40: Building] WARN  o.a.m.s.f.DefaultMavenResourcesFiltering - Using platform encoding (UTF-8 actually) to copy filtered resources, i.e. build is platform dependent!
2024-02-08 21:15:33,478 [Worker-40: Building] INFO  o.a.m.s.f.DefaultMavenResourcesFiltering - skip non existing resourceDirectory E:\04-CIBERTEC\Ciclo 04\lenguaje_progra_2\EXAMENES\proyecto-jpa-main\proyecto-jpa-main\src\test\resources
2024-02-08 21:16:24,490 [Worker-44: Building] WARN  o.a.m.s.f.DefaultMavenResourcesFiltering - Using platform encoding (UTF-8 actually) to copy filtered resources, i.e. build is platform dependent!
2024-02-08 21:16:24,491 [Worker-44: Building] INFO  o.a.m.s.f.DefaultMavenResourcesFiltering - Copying 1 resource from src\main\java to target\classes
2024-02-08 21:16:24,493 [Worker-44: Building] WARN  o.a.m.s.f.DefaultMavenResourcesFiltering - Using platform encoding (UTF-8 actually) to copy filtered resources, i.e. build is platform dependent!
2024-02-08 21:16:24,493 [Worker-44: Building] INFO  o.a.m.s.f.DefaultMavenResourcesFiltering - skip non existing resourceDirectory E:\04-CIBERTEC\Ciclo 04\lenguaje_progra_2\EXAMENES\proyecto-jpa-main\proyecto-jpa-main\src\test\resources
2024-02-08 21:16:26,706 [Worker-37: Building] WARN  o.a.m.s.f.DefaultMavenResourcesFiltering - Using platform encoding (UTF-8 actually) to copy filtered resources, i.e. build is platform dependent!
2024-02-08 21:16:26,707 [Worker-37: Building] INFO  o.a.m.s.f.DefaultMavenResourcesFiltering - Copying 1 resource from src\main\java to target\classes
2024-02-08 21:16:26,708 [Worker-37: Building] WARN  o.a.m.s.f.DefaultMavenResourcesFiltering - Using platform encoding (UTF-8 actually) to copy filtered resources, i.e. build is platform dependent!
2024-02-08 21:16:26,709 [Worker-37: Building] INFO  o.a.m.s.f.DefaultMavenResourcesFiltering - skip non existing resourceDirectory E:\04-CIBERTEC\Ciclo 04\lenguaje_progra_2\EXAMENES\proyecto-jpa-main\proyecto-jpa-main\src\test\resources
2024-02-08 21:16:43,798 [Worker-40: Building] WARN  o.a.m.s.f.DefaultMavenResourcesFiltering - Using platform encoding (UTF-8 actually) to copy filtered resources, i.e. build is platform dependent!
2024-02-08 21:16:43,799 [Worker-40: Building] INFO  o.a.m.s.f.DefaultMavenResourcesFiltering - Copying 1 resource from src\main\java to target\classes
2024-02-08 21:16:43,802 [Worker-40: Building] WARN  o.a.m.s.f.DefaultMavenResourcesFiltering - Using platform encoding (UTF-8 actually) to copy filtered resources, i.e. build is platform dependent!
2024-02-08 21:16:43,802 [Worker-40: Building] INFO  o.a.m.s.f.DefaultMavenResourcesFiltering - skip non existing resourceDirectory E:\04-CIBERTEC\Ciclo 04\lenguaje_progra_2\EXAMENES\proyecto-jpa-main\proyecto-jpa-main\src\test\resources
2024-02-08 21:16:48,669 [Worker-43: Building] WARN  o.a.m.s.f.DefaultMavenResourcesFiltering - Using platform encoding (UTF-8 actually) to copy filtered resources, i.e. build is platform dependent!
2024-02-08 21:16:48,670 [Worker-43: Building] INFO  o.a.m.s.f.DefaultMavenResourcesFiltering - Copying 1 resource from src\main\java to target\classes
2024-02-08 21:16:48,672 [Worker-43: Building] WARN  o.a.m.s.f.DefaultMavenResourcesFiltering - Using platform encoding (UTF-8 actually) to copy filtered resources, i.e. build is platform dependent!
2024-02-08 21:16:48,672 [Worker-43: Building] INFO  o.a.m.s.f.DefaultMavenResourcesFiltering - skip non existing resourceDirectory E:\04-CIBERTEC\Ciclo 04\lenguaje_progra_2\EXAMENES\proyecto-jpa-main\proyecto-jpa-main\src\test\resources
2024-02-08 21:19:31,460 [Worker-37: Building] WARN  o.a.m.s.f.DefaultMavenResourcesFiltering - Using platform encoding (UTF-8 actually) to copy filtered resources, i.e. build is platform dependent!
2024-02-08 21:19:31,461 [Worker-37: Building] INFO  o.a.m.s.f.DefaultMavenResourcesFiltering - Copying 1 resource from src\main\java to target\classes
2024-02-08 21:19:31,464 [Worker-37: Building] WARN  o.a.m.s.f.DefaultMavenResourcesFiltering - Using platform encoding (UTF-8 actually) to copy filtered resources, i.e. build is platform dependent!
2024-02-08 21:19:31,464 [Worker-37: Building] INFO  o.a.m.s.f.DefaultMavenResourcesFiltering - skip non existing resourceDirectory E:\04-CIBERTEC\Ciclo 04\lenguaje_progra_2\EXAMENES\proyecto-jpa-main\proyecto-jpa-main\src\test\resources
2024-02-08 21:19:38,311 [Worker-41: Building] WARN  o.a.m.s.f.DefaultMavenResourcesFiltering - Using platform encoding (UTF-8 actually) to copy filtered resources, i.e. build is platform dependent!
2024-02-08 21:19:38,313 [Worker-41: Building] INFO  o.a.m.s.f.DefaultMavenResourcesFiltering - Copying 1 resource from src\main\java to target\classes
2024-02-08 21:19:38,314 [Worker-41: Building] WARN  o.a.m.s.f.DefaultMavenResourcesFiltering - Using platform encoding (UTF-8 actually) to copy filtered resources, i.e. build is platform dependent!
2024-02-08 21:19:38,315 [Worker-41: Building] INFO  o.a.m.s.f.DefaultMavenResourcesFiltering - skip non existing resourceDirectory E:\04-CIBERTEC\Ciclo 04\lenguaje_progra_2\EXAMENES\proyecto-jpa-main\proyecto-jpa-main\src\test\resources
2024-02-08 21:20:02,433 [Worker-45: Building] WARN  o.a.m.s.f.DefaultMavenResourcesFiltering - Using platform encoding (UTF-8 actually) to copy filtered resources, i.e. build is platform dependent!
2024-02-08 21:20:02,434 [Worker-45: Building] INFO  o.a.m.s.f.DefaultMavenResourcesFiltering - Copying 1 resource from src\main\java to target\classes
2024-02-08 21:20:02,435 [Worker-45: Building] WARN  o.a.m.s.f.DefaultMavenResourcesFiltering - Using platform encoding (UTF-8 actually) to copy filtered resources, i.e. build is platform dependent!
2024-02-08 21:20:02,435 [Worker-45: Building] INFO  o.a.m.s.f.DefaultMavenResourcesFiltering - skip non existing resourceDirectory E:\04-CIBERTEC\Ciclo 04\lenguaje_progra_2\EXAMENES\proyecto-jpa-main\proyecto-jpa-main\src\test\resources
2024-02-08 21:20:21,966 [Worker-46: Building] WARN  o.a.m.s.f.DefaultMavenResourcesFiltering - Using platform encoding (UTF-8 actually) to copy filtered resources, i.e. build is platform dependent!
2024-02-08 21:20:21,967 [Worker-46: Building] INFO  o.a.m.s.f.DefaultMavenResourcesFiltering - Copying 1 resource from src\main\java to target\classes
2024-02-08 21:20:21,969 [Worker-46: Building] WARN  o.a.m.s.f.DefaultMavenResourcesFiltering - Using platform encoding (UTF-8 actually) to copy filtered resources, i.e. build is platform dependent!
2024-02-08 21:20:21,969 [Worker-46: Building] INFO  o.a.m.s.f.DefaultMavenResourcesFiltering - skip non existing resourceDirectory E:\04-CIBERTEC\Ciclo 04\lenguaje_progra_2\EXAMENES\proyecto-jpa-main\proyecto-jpa-main\src\test\resources
2024-02-08 21:21:11,122 [Worker-45: Building] WARN  o.a.m.s.f.DefaultMavenResourcesFiltering - Using platform encoding (UTF-8 actually) to copy filtered resources, i.e. build is platform dependent!
2024-02-08 21:21:11,123 [Worker-45: Building] INFO  o.a.m.s.f.DefaultMavenResourcesFiltering - Copying 1 resource from src\main\java to target\classes
2024-02-08 21:21:11,124 [Worker-45: Building] WARN  o.a.m.s.f.DefaultMavenResourcesFiltering - Using platform encoding (UTF-8 actually) to copy filtered resources, i.e. build is platform dependent!
2024-02-08 21:21:11,125 [Worker-45: Building] INFO  o.a.m.s.f.DefaultMavenResourcesFiltering - skip non existing resourceDirectory E:\04-CIBERTEC\Ciclo 04\lenguaje_progra_2\EXAMENES\proyecto-jpa-main\proyecto-jpa-main\src\test\resources
2024-02-08 21:21:22,193 [Worker-47: Building] WARN  o.a.m.s.f.DefaultMavenResourcesFiltering - Using platform encoding (UTF-8 actually) to copy filtered resources, i.e. build is platform dependent!
2024-02-08 21:21:22,194 [Worker-47: Building] INFO  o.a.m.s.f.DefaultMavenResourcesFiltering - Copying 1 resource from src\main\java to target\classes
2024-02-08 21:21:22,196 [Worker-47: Building] WARN  o.a.m.s.f.DefaultMavenResourcesFiltering - Using platform encoding (UTF-8 actually) to copy filtered resources, i.e. build is platform dependent!
2024-02-08 21:21:22,196 [Worker-47: Building] INFO  o.a.m.s.f.DefaultMavenResourcesFiltering - skip non existing resourceDirectory E:\04-CIBERTEC\Ciclo 04\lenguaje_progra_2\EXAMENES\proyecto-jpa-main\proyecto-jpa-main\src\test\resources
2024-02-08 21:22:08,762 [Worker-45: Building] WARN  o.a.m.s.f.DefaultMavenResourcesFiltering - Using platform encoding (UTF-8 actually) to copy filtered resources, i.e. build is platform dependent!
2024-02-08 21:22:08,762 [Worker-45: Building] INFO  o.a.m.s.f.DefaultMavenResourcesFiltering - Copying 1 resource from src\main\java to target\classes
2024-02-08 21:22:08,764 [Worker-45: Building] WARN  o.a.m.s.f.DefaultMavenResourcesFiltering - Using platform encoding (UTF-8 actually) to copy filtered resources, i.e. build is platform dependent!
2024-02-08 21:22:08,765 [Worker-45: Building] INFO  o.a.m.s.f.DefaultMavenResourcesFiltering - skip non existing resourceDirectory E:\04-CIBERTEC\Ciclo 04\lenguaje_progra_2\EXAMENES\proyecto-jpa-main\proyecto-jpa-main\src\test\resources
2024-02-08 21:25:00,266 [Worker-47: Building] WARN  o.a.m.s.f.DefaultMavenResourcesFiltering - Using platform encoding (UTF-8 actually) to copy filtered resources, i.e. build is platform dependent!
2024-02-08 21:25:00,267 [Worker-47: Building] INFO  o.a.m.s.f.DefaultMavenResourcesFiltering - Copying 1 resource from src\main\java to target\classes
2024-02-08 21:25:00,269 [Worker-47: Building] WARN  o.a.m.s.f.DefaultMavenResourcesFiltering - Using platform encoding (UTF-8 actually) to copy filtered resources, i.e. build is platform dependent!
2024-02-08 21:25:00,269 [Worker-47: Building] INFO  o.a.m.s.f.DefaultMavenResourcesFiltering - skip non existing resourceDirectory E:\04-CIBERTEC\Ciclo 04\lenguaje_progra_2\EXAMENES\proyecto-jpa-main\proyecto-jpa-main\src\test\resources
2024-02-08 21:25:45,345 [Worker-49: Building] WARN  o.a.m.s.f.DefaultMavenResourcesFiltering - Using platform encoding (UTF-8 actually) to copy filtered resources, i.e. build is platform dependent!
2024-02-08 21:25:45,346 [Worker-49: Building] INFO  o.a.m.s.f.DefaultMavenResourcesFiltering - Copying 1 resource from src\main\java to target\classes
2024-02-08 21:25:45,347 [Worker-49: Building] WARN  o.a.m.s.f.DefaultMavenResourcesFiltering - Using platform encoding (UTF-8 actually) to copy filtered resources, i.e. build is platform dependent!
2024-02-08 21:25:45,347 [Worker-49: Building] INFO  o.a.m.s.f.DefaultMavenResourcesFiltering - skip non existing resourceDirectory E:\04-CIBERTEC\Ciclo 04\lenguaje_progra_2\EXAMENES\proyecto-jpa-main\proyecto-jpa-main\src\test\resources
2024-02-08 21:25:50,254 [Worker-50: Building] WARN  o.a.m.s.f.DefaultMavenResourcesFiltering - Using platform encoding (UTF-8 actually) to copy filtered resources, i.e. build is platform dependent!
2024-02-08 21:25:50,255 [Worker-50: Building] INFO  o.a.m.s.f.DefaultMavenResourcesFiltering - Copying 1 resource from src\main\java to target\classes
2024-02-08 21:25:50,257 [Worker-50: Building] WARN  o.a.m.s.f.DefaultMavenResourcesFiltering - Using platform encoding (UTF-8 actually) to copy filtered resources, i.e. build is platform dependent!
2024-02-08 21:25:50,258 [Worker-50: Building] INFO  o.a.m.s.f.DefaultMavenResourcesFiltering - skip non existing resourceDirectory E:\04-CIBERTEC\Ciclo 04\lenguaje_progra_2\EXAMENES\proyecto-jpa-main\proyecto-jpa-main\src\test\resources
2024-02-08 21:25:58,653 [Worker-48: Building] WARN  o.a.m.s.f.DefaultMavenResourcesFiltering - Using platform encoding (UTF-8 actually) to copy filtered resources, i.e. build is platform dependent!
2024-02-08 21:25:58,654 [Worker-48: Building] INFO  o.a.m.s.f.DefaultMavenResourcesFiltering - Copying 1 resource from src\main\java to target\classes
2024-02-08 21:25:58,656 [Worker-48: Building] WARN  o.a.m.s.f.DefaultMavenResourcesFiltering - Using platform encoding (UTF-8 actually) to copy filtered resources, i.e. build is platform dependent!
2024-02-08 21:25:58,657 [Worker-48: Building] INFO  o.a.m.s.f.DefaultMavenResourcesFiltering - skip non existing resourceDirectory E:\04-CIBERTEC\Ciclo 04\lenguaje_progra_2\EXAMENES\proyecto-jpa-main\proyecto-jpa-main\src\test\resources
2024-02-08 21:26:52,457 [Worker-50: Building] WARN  o.a.m.s.f.DefaultMavenResourcesFiltering - Using platform encoding (UTF-8 actually) to copy filtered resources, i.e. build is platform dependent!
2024-02-08 21:26:52,458 [Worker-50: Building] INFO  o.a.m.s.f.DefaultMavenResourcesFiltering - Copying 1 resource from src\main\java to target\classes
2024-02-08 21:26:52,460 [Worker-50: Building] WARN  o.a.m.s.f.DefaultMavenResourcesFiltering - Using platform encoding (UTF-8 actually) to copy filtered resources, i.e. build is platform dependent!
2024-02-08 21:26:52,461 [Worker-50: Building] INFO  o.a.m.s.f.DefaultMavenResourcesFiltering - skip non existing resourceDirectory E:\04-CIBERTEC\Ciclo 04\lenguaje_progra_2\EXAMENES\proyecto-jpa-main\proyecto-jpa-main\src\test\resources
2024-02-08 21:26:58,899 [Worker-50: Building] WARN  o.a.m.s.f.DefaultMavenResourcesFiltering - Using platform encoding (UTF-8 actually) to copy filtered resources, i.e. build is platform dependent!
2024-02-08 21:26:58,900 [Worker-50: Building] INFO  o.a.m.s.f.DefaultMavenResourcesFiltering - Copying 1 resource from src\main\java to target\classes
2024-02-08 21:26:58,901 [Worker-50: Building] WARN  o.a.m.s.f.DefaultMavenResourcesFiltering - Using platform encoding (UTF-8 actually) to copy filtered resources, i.e. build is platform dependent!
2024-02-08 21:26:58,901 [Worker-50: Building] INFO  o.a.m.s.f.DefaultMavenResourcesFiltering - skip non existing resourceDirectory E:\04-CIBERTEC\Ciclo 04\lenguaje_progra_2\EXAMENES\proyecto-jpa-main\proyecto-jpa-main\src\test\resources
2024-02-08 21:27:35,073 [Worker-47: Building] WARN  o.a.m.s.f.DefaultMavenResourcesFiltering - Using platform encoding (UTF-8 actually) to copy filtered resources, i.e. build is platform dependent!
2024-02-08 21:27:35,074 [Worker-47: Building] INFO  o.a.m.s.f.DefaultMavenResourcesFiltering - Copying 1 resource from src\main\java to target\classes
2024-02-08 21:27:35,075 [Worker-47: Building] WARN  o.a.m.s.f.DefaultMavenResourcesFiltering - Using platform encoding (UTF-8 actually) to copy filtered resources, i.e. build is platform dependent!
2024-02-08 21:27:35,076 [Worker-47: Building] INFO  o.a.m.s.f.DefaultMavenResourcesFiltering - skip non existing resourceDirectory E:\04-CIBERTEC\Ciclo 04\lenguaje_progra_2\EXAMENES\proyecto-jpa-main\proyecto-jpa-main\src\test\resources
2024-02-08 21:28:24,735 [Worker-48: Building] WARN  o.a.m.s.f.DefaultMavenResourcesFiltering - Using platform encoding (UTF-8 actually) to copy filtered resources, i.e. build is platform dependent!
2024-02-08 21:28:24,736 [Worker-48: Building] INFO  o.a.m.s.f.DefaultMavenResourcesFiltering - Copying 1 resource from src\main\java to target\classes
2024-02-08 21:28:24,738 [Worker-48: Building] WARN  o.a.m.s.f.DefaultMavenResourcesFiltering - Using platform encoding (UTF-8 actually) to copy filtered resources, i.e. build is platform dependent!
2024-02-08 21:28:24,738 [Worker-48: Building] INFO  o.a.m.s.f.DefaultMavenResourcesFiltering - skip non existing resourceDirectory E:\04-CIBERTEC\Ciclo 04\lenguaje_progra_2\EXAMENES\proyecto-jpa-main\proyecto-jpa-main\src\test\resources
2024-02-08 21:28:41,137 [Worker-50: Building] WARN  o.a.m.s.f.DefaultMavenResourcesFiltering - Using platform encoding (UTF-8 actually) to copy filtered resources, i.e. build is platform dependent!
2024-02-08 21:28:41,138 [Worker-50: Building] INFO  o.a.m.s.f.DefaultMavenResourcesFiltering - Copying 1 resource from src\main\java to target\classes
2024-02-08 21:28:41,142 [Worker-50: Building] WARN  o.a.m.s.f.DefaultMavenResourcesFiltering - Using platform encoding (UTF-8 actually) to copy filtered resources, i.e. build is platform dependent!
2024-02-08 21:28:41,142 [Worker-50: Building] INFO  o.a.m.s.f.DefaultMavenResourcesFiltering - skip non existing resourceDirectory E:\04-CIBERTEC\Ciclo 04\lenguaje_progra_2\EXAMENES\proyecto-jpa-main\proyecto-jpa-main\src\test\resources
2024-02-08 21:28:44,808 [Worker-47: Building] WARN  o.a.m.s.f.DefaultMavenResourcesFiltering - Using platform encoding (UTF-8 actually) to copy filtered resources, i.e. build is platform dependent!
2024-02-08 21:28:44,809 [Worker-47: Building] INFO  o.a.m.s.f.DefaultMavenResourcesFiltering - Copying 1 resource from src\main\java to target\classes
2024-02-08 21:28:44,812 [Worker-47: Building] WARN  o.a.m.s.f.DefaultMavenResourcesFiltering - Using platform encoding (UTF-8 actually) to copy filtered resources, i.e. build is platform dependent!
2024-02-08 21:28:44,812 [Worker-47: Building] INFO  o.a.m.s.f.DefaultMavenResourcesFiltering - skip non existing resourceDirectory E:\04-CIBERTEC\Ciclo 04\lenguaje_progra_2\EXAMENES\proyecto-jpa-main\proyecto-jpa-main\src\test\resources
2024-02-08 21:28:56,729 [Worker-50: Building] WARN  o.a.m.s.f.DefaultMavenResourcesFiltering - Using platform encoding (UTF-8 actually) to copy filtered resources, i.e. build is platform dependent!
2024-02-08 21:28:56,730 [Worker-50: Building] INFO  o.a.m.s.f.DefaultMavenResourcesFiltering - Copying 1 resource from src\main\java to target\classes
2024-02-08 21:28:56,732 [Worker-50: Building] WARN  o.a.m.s.f.DefaultMavenResourcesFiltering - Using platform encoding (UTF-8 actually) to copy filtered resources, i.e. build is platform dependent!
2024-02-08 21:28:56,732 [Worker-50: Building] INFO  o.a.m.s.f.DefaultMavenResourcesFiltering - skip non existing resourceDirectory E:\04-CIBERTEC\Ciclo 04\lenguaje_progra_2\EXAMENES\proyecto-jpa-main\proyecto-jpa-main\src\test\resources
2024-02-08 21:29:09,635 [Worker-41: Building] WARN  o.a.m.s.f.DefaultMavenResourcesFiltering - Using platform encoding (UTF-8 actually) to copy filtered resources, i.e. build is platform dependent!
2024-02-08 21:29:09,636 [Worker-41: Building] INFO  o.a.m.s.f.DefaultMavenResourcesFiltering - Copying 1 resource from src\main\java to target\classes
2024-02-08 21:29:09,638 [Worker-41: Building] WARN  o.a.m.s.f.DefaultMavenResourcesFiltering - Using platform encoding (UTF-8 actually) to copy filtered resources, i.e. build is platform dependent!
2024-02-08 21:29:09,639 [Worker-41: Building] INFO  o.a.m.s.f.DefaultMavenResourcesFiltering - skip non existing resourceDirectory E:\04-CIBERTEC\Ciclo 04\lenguaje_progra_2\EXAMENES\proyecto-jpa-main\proyecto-jpa-main\src\test\resources
2024-02-08 21:29:32,496 [Worker-48: Building] WARN  o.a.m.s.f.DefaultMavenResourcesFiltering - Using platform encoding (UTF-8 actually) to copy filtered resources, i.e. build is platform dependent!
2024-02-08 21:29:32,498 [Worker-48: Building] INFO  o.a.m.s.f.DefaultMavenResourcesFiltering - Copying 1 resource from src\main\java to target\classes
2024-02-08 21:29:32,500 [Worker-48: Building] WARN  o.a.m.s.f.DefaultMavenResourcesFiltering - Using platform encoding (UTF-8 actually) to copy filtered resources, i.e. build is platform dependent!
2024-02-08 21:29:32,501 [Worker-48: Building] INFO  o.a.m.s.f.DefaultMavenResourcesFiltering - skip non existing resourceDirectory E:\04-CIBERTEC\Ciclo 04\lenguaje_progra_2\EXAMENES\proyecto-jpa-main\proyecto-jpa-main\src\test\resources
2024-02-08 21:29:40,608 [Worker-48: Building] WARN  o.a.m.s.f.DefaultMavenResourcesFiltering - Using platform encoding (UTF-8 actually) to copy filtered resources, i.e. build is platform dependent!
2024-02-08 21:29:40,610 [Worker-48: Building] INFO  o.a.m.s.f.DefaultMavenResourcesFiltering - Copying 1 resource from src\main\java to target\classes
2024-02-08 21:29:40,612 [Worker-48: Building] WARN  o.a.m.s.f.DefaultMavenResourcesFiltering - Using platform encoding (UTF-8 actually) to copy filtered resources, i.e. build is platform dependent!
2024-02-08 21:29:40,612 [Worker-48: Building] INFO  o.a.m.s.f.DefaultMavenResourcesFiltering - skip non existing resourceDirectory E:\04-CIBERTEC\Ciclo 04\lenguaje_progra_2\EXAMENES\proyecto-jpa-main\proyecto-jpa-main\src\test\resources
2024-02-08 21:29:55,314 [Worker-51: Building] WARN  o.a.m.s.f.DefaultMavenResourcesFiltering - Using platform encoding (UTF-8 actually) to copy filtered resources, i.e. build is platform dependent!
2024-02-08 21:29:55,315 [Worker-51: Building] INFO  o.a.m.s.f.DefaultMavenResourcesFiltering - Copying 1 resource from src\main\java to target\classes
2024-02-08 21:29:55,317 [Worker-51: Building] WARN  o.a.m.s.f.DefaultMavenResourcesFiltering - Using platform encoding (UTF-8 actually) to copy filtered resources, i.e. build is platform dependent!
2024-02-08 21:29:55,318 [Worker-51: Building] INFO  o.a.m.s.f.DefaultMavenResourcesFiltering - skip non existing resourceDirectory E:\04-CIBERTEC\Ciclo 04\lenguaje_progra_2\EXAMENES\proyecto-jpa-main\proyecto-jpa-main\src\test\resources
2024-02-08 21:41:27,238 [Worker-41: Building] WARN  o.a.m.s.f.DefaultMavenResourcesFiltering - Using platform encoding (UTF-8 actually) to copy filtered resources, i.e. build is platform dependent!
2024-02-08 21:41:27,239 [Worker-41: Building] INFO  o.a.m.s.f.DefaultMavenResourcesFiltering - Copying 1 resource from src\main\java to target\classes
2024-02-08 21:41:27,241 [Worker-41: Building] WARN  o.a.m.s.f.DefaultMavenResourcesFiltering - Using platform encoding (UTF-8 actually) to copy filtered resources, i.e. build is platform dependent!
2024-02-08 21:41:27,241 [Worker-41: Building] INFO  o.a.m.s.f.DefaultMavenResourcesFiltering - skip non existing resourceDirectory E:\04-CIBERTEC\Ciclo 04\lenguaje_progra_2\EXAMENES\proyecto-jpa-main\proyecto-jpa-main\src\test\resources
2024-02-08 21:44:08,829 [Worker-59: Building] WARN  o.a.m.s.f.DefaultMavenResourcesFiltering - Using platform encoding (UTF-8 actually) to copy filtered resources, i.e. build is platform dependent!
2024-02-08 21:44:08,830 [Worker-59: Building] INFO  o.a.m.s.f.DefaultMavenResourcesFiltering - Copying 0 resource from src\main\java to target\classes
2024-02-08 21:44:08,832 [Worker-59: Building] WARN  o.a.m.s.f.DefaultMavenResourcesFiltering - Using platform encoding (UTF-8 actually) to copy filtered resources, i.e. build is platform dependent!
2024-02-08 21:44:08,832 [Worker-59: Building] INFO  o.a.m.s.f.DefaultMavenResourcesFiltering - skip non existing resourceDirectory E:\04-CIBERTEC\Ciclo 04\lenguaje_progra_2\EXAMENES\proyecto-jpa-main\proyecto-jpa-main\src\test\resources
2024-02-08 21:44:43,653 [Worker-56: Building] WARN  o.a.m.s.f.DefaultMavenResourcesFiltering - Using platform encoding (UTF-8 actually) to copy filtered resources, i.e. build is platform dependent!
2024-02-08 21:44:43,654 [Worker-56: Building] INFO  o.a.m.s.f.DefaultMavenResourcesFiltering - Copying 1 resource from src\main\java to target\classes
2024-02-08 21:44:43,656 [Worker-56: Building] WARN  o.a.m.s.f.DefaultMavenResourcesFiltering - Using platform encoding (UTF-8 actually) to copy filtered resources, i.e. build is platform dependent!
2024-02-08 21:44:43,657 [Worker-56: Building] INFO  o.a.m.s.f.DefaultMavenResourcesFiltering - skip non existing resourceDirectory E:\04-CIBERTEC\Ciclo 04\lenguaje_progra_2\EXAMENES\proyecto-jpa-main\proyecto-jpa-main\src\test\resources
2024-02-08 21:50:11,255 [Worker-55: Launching Prueba05] WARN  o.a.m.s.f.DefaultMavenResourcesFiltering - Using platform encoding (UTF-8 actually) to copy filtered resources, i.e. build is platform dependent!
2024-02-08 21:50:11,257 [Worker-55: Launching Prueba05] INFO  o.a.m.s.f.DefaultMavenResourcesFiltering - Copying 1 resource from src\main\java to target\classes
2024-02-08 21:50:11,259 [Worker-55: Launching Prueba05] WARN  o.a.m.s.f.DefaultMavenResourcesFiltering - Using platform encoding (UTF-8 actually) to copy filtered resources, i.e. build is platform dependent!
2024-02-08 21:50:11,260 [Worker-55: Launching Prueba05] INFO  o.a.m.s.f.DefaultMavenResourcesFiltering - skip non existing resourceDirectory E:\04-CIBERTEC\Ciclo 04\lenguaje_progra_2\EXAMENES\proyecto-jpa-main\proyecto-jpa-main\src\test\resources
2024-02-08 21:53:32,914 [Worker-55: Building] WARN  o.a.m.s.f.DefaultMavenResourcesFiltering - Using platform encoding (UTF-8 actually) to copy filtered resources, i.e. build is platform dependent!
2024-02-08 21:53:32,917 [Worker-55: Building] INFO  o.a.m.s.f.DefaultMavenResourcesFiltering - Copying 1 resource from src\main\java to target\classes
2024-02-08 21:53:32,918 [Worker-55: Building] WARN  o.a.m.s.f.DefaultMavenResourcesFiltering - Using platform encoding (UTF-8 actually) to copy filtered resources, i.e. build is platform dependent!
2024-02-08 21:53:32,919 [Worker-55: Building] INFO  o.a.m.s.f.DefaultMavenResourcesFiltering - skip non existing resourceDirectory E:\04-CIBERTEC\Ciclo 04\lenguaje_progra_2\EXAMENES\proyecto-jpa-main\proyecto-jpa-main\src\test\resources
2024-02-08 21:53:36,627 [Worker-67: Building] WARN  o.a.m.s.f.DefaultMavenResourcesFiltering - Using platform encoding (UTF-8 actually) to copy filtered resources, i.e. build is platform dependent!
2024-02-08 21:53:36,628 [Worker-67: Building] INFO  o.a.m.s.f.DefaultMavenResourcesFiltering - Copying 1 resource from src\main\java to target\classes
2024-02-08 21:53:36,629 [Worker-67: Building] WARN  o.a.m.s.f.DefaultMavenResourcesFiltering - Using platform encoding (UTF-8 actually) to copy filtered resources, i.e. build is platform dependent!
2024-02-08 21:53:36,630 [Worker-67: Building] INFO  o.a.m.s.f.DefaultMavenResourcesFiltering - skip non existing resourceDirectory E:\04-CIBERTEC\Ciclo 04\lenguaje_progra_2\EXAMENES\proyecto-jpa-main\proyecto-jpa-main\src\test\resources
2024-02-08 21:53:46,767 [Worker-63: Building] WARN  o.a.m.s.f.DefaultMavenResourcesFiltering - Using platform encoding (UTF-8 actually) to copy filtered resources, i.e. build is platform dependent!
2024-02-08 21:53:46,767 [Worker-63: Building] INFO  o.a.m.s.f.DefaultMavenResourcesFiltering - Copying 1 resource from src\main\java to target\classes
2024-02-08 21:53:46,769 [Worker-63: Building] WARN  o.a.m.s.f.DefaultMavenResourcesFiltering - Using platform encoding (UTF-8 actually) to copy filtered resources, i.e. build is platform dependent!
2024-02-08 21:53:46,769 [Worker-63: Building] INFO  o.a.m.s.f.DefaultMavenResourcesFiltering - skip non existing resourceDirectory E:\04-CIBERTEC\Ciclo 04\lenguaje_progra_2\EXAMENES\proyecto-jpa-main\proyecto-jpa-main\src\test\resources
2024-02-08 21:54:09,222 [Worker-67: Building] WARN  o.a.m.s.f.DefaultMavenResourcesFiltering - Using platform encoding (UTF-8 actually) to copy filtered resources, i.e. build is platform dependent!
2024-02-08 21:54:09,223 [Worker-67: Building] INFO  o.a.m.s.f.DefaultMavenResourcesFiltering - Copying 1 resource from src\main\java to target\classes
2024-02-08 21:54:09,224 [Worker-67: Building] WARN  o.a.m.s.f.DefaultMavenResourcesFiltering - Using platform encoding (UTF-8 actually) to copy filtered resources, i.e. build is platform dependent!
2024-02-08 21:54:09,225 [Worker-67: Building] INFO  o.a.m.s.f.DefaultMavenResourcesFiltering - skip non existing resourceDirectory E:\04-CIBERTEC\Ciclo 04\lenguaje_progra_2\EXAMENES\proyecto-jpa-main\proyecto-jpa-main\src\test\resources
2024-02-08 21:54:22,629 [Worker-55: Building] WARN  o.a.m.s.f.DefaultMavenResourcesFiltering - Using platform encoding (UTF-8 actually) to copy filtered resources, i.e. build is platform dependent!
2024-02-08 21:54:22,630 [Worker-55: Building] INFO  o.a.m.s.f.DefaultMavenResourcesFiltering - Copying 1 resource from src\main\java to target\classes
2024-02-08 21:54:22,631 [Worker-55: Building] WARN  o.a.m.s.f.DefaultMavenResourcesFiltering - Using platform encoding (UTF-8 actually) to copy filtered resources, i.e. build is platform dependent!
2024-02-08 21:54:22,631 [Worker-55: Building] INFO  o.a.m.s.f.DefaultMavenResourcesFiltering - skip non existing resourceDirectory E:\04-CIBERTEC\Ciclo 04\lenguaje_progra_2\EXAMENES\proyecto-jpa-main\proyecto-jpa-main\src\test\resources
2024-02-08 21:54:57,092 [Worker-68: Building] WARN  o.a.m.s.f.DefaultMavenResourcesFiltering - Using platform encoding (UTF-8 actually) to copy filtered resources, i.e. build is platform dependent!
2024-02-08 21:54:57,093 [Worker-68: Building] INFO  o.a.m.s.f.DefaultMavenResourcesFiltering - Copying 1 resource from src\main\java to target\classes
2024-02-08 21:54:57,095 [Worker-68: Building] WARN  o.a.m.s.f.DefaultMavenResourcesFiltering - Using platform encoding (UTF-8 actually) to copy filtered resources, i.e. build is platform dependent!
2024-02-08 21:54:57,095 [Worker-68: Building] INFO  o.a.m.s.f.DefaultMavenResourcesFiltering - skip non existing resourceDirectory E:\04-CIBERTEC\Ciclo 04\lenguaje_progra_2\EXAMENES\proyecto-jpa-main\proyecto-jpa-main\src\test\resources
2024-02-08 21:56:00,680 [Worker-63: Building] WARN  o.a.m.s.f.DefaultMavenResourcesFiltering - Using platform encoding (UTF-8 actually) to copy filtered resources, i.e. build is platform dependent!
2024-02-08 21:56:00,681 [Worker-63: Building] INFO  o.a.m.s.f.DefaultMavenResourcesFiltering - Copying 1 resource from src\main\java to target\classes
2024-02-08 21:56:00,683 [Worker-63: Building] WARN  o.a.m.s.f.DefaultMavenResourcesFiltering - Using platform encoding (UTF-8 actually) to copy filtered resources, i.e. build is platform dependent!
2024-02-08 21:56:00,684 [Worker-63: Building] INFO  o.a.m.s.f.DefaultMavenResourcesFiltering - skip non existing resourceDirectory E:\04-CIBERTEC\Ciclo 04\lenguaje_progra_2\EXAMENES\proyecto-jpa-main\proyecto-jpa-main\src\test\resources
2024-02-08 21:56:13,527 [Worker-63: Building] WARN  o.a.m.s.f.DefaultMavenResourcesFiltering - Using platform encoding (UTF-8 actually) to copy filtered resources, i.e. build is platform dependent!
2024-02-08 21:56:13,528 [Worker-63: Building] INFO  o.a.m.s.f.DefaultMavenResourcesFiltering - Copying 1 resource from src\main\java to target\classes
2024-02-08 21:56:13,529 [Worker-63: Building] WARN  o.a.m.s.f.DefaultMavenResourcesFiltering - Using platform encoding (UTF-8 actually) to copy filtered resources, i.e. build is platform dependent!
2024-02-08 21:56:13,530 [Worker-63: Building] INFO  o.a.m.s.f.DefaultMavenResourcesFiltering - skip non existing resourceDirectory E:\04-CIBERTEC\Ciclo 04\lenguaje_progra_2\EXAMENES\proyecto-jpa-main\proyecto-jpa-main\src\test\resources
2024-02-08 21:57:24,930 [Worker-68: Building] WARN  o.a.m.s.f.DefaultMavenResourcesFiltering - Using platform encoding (UTF-8 actually) to copy filtered resources, i.e. build is platform dependent!
2024-02-08 21:57:24,931 [Worker-68: Building] INFO  o.a.m.s.f.DefaultMavenResourcesFiltering - Copying 1 resource from src\main\java to target\classes
2024-02-08 21:57:24,933 [Worker-68: Building] WARN  o.a.m.s.f.DefaultMavenResourcesFiltering - Using platform encoding (UTF-8 actually) to copy filtered resources, i.e. build is platform dependent!
2024-02-08 21:57:24,933 [Worker-68: Building] INFO  o.a.m.s.f.DefaultMavenResourcesFiltering - skip non existing resourceDirectory E:\04-CIBERTEC\Ciclo 04\lenguaje_progra_2\EXAMENES\proyecto-jpa-main\proyecto-jpa-main\src\test\resources
2024-02-08 21:58:06,119 [Worker-68: Building] WARN  o.a.m.s.f.DefaultMavenResourcesFiltering - Using platform encoding (UTF-8 actually) to copy filtered resources, i.e. build is platform dependent!
2024-02-08 21:58:06,120 [Worker-68: Building] INFO  o.a.m.s.f.DefaultMavenResourcesFiltering - Copying 1 resource from src\main\java to target\classes
2024-02-08 21:58:06,121 [Worker-68: Building] WARN  o.a.m.s.f.DefaultMavenResourcesFiltering - Using platform encoding (UTF-8 actually) to copy filtered resources, i.e. build is platform dependent!
2024-02-08 21:58:06,122 [Worker-68: Building] INFO  o.a.m.s.f.DefaultMavenResourcesFiltering - skip non existing resourceDirectory E:\04-CIBERTEC\Ciclo 04\lenguaje_progra_2\EXAMENES\proyecto-jpa-main\proyecto-jpa-main\src\test\resources
2024-02-08 21:58:34,657 [Worker-63: Building] WARN  o.a.m.s.f.DefaultMavenResourcesFiltering - Using platform encoding (UTF-8 actually) to copy filtered resources, i.e. build is platform dependent!
2024-02-08 21:58:34,658 [Worker-63: Building] INFO  o.a.m.s.f.DefaultMavenResourcesFiltering - Copying 1 resource from src\main\java to target\classes
2024-02-08 21:58:34,669 [Worker-63: Building] WARN  o.a.m.s.f.DefaultMavenResourcesFiltering - Using platform encoding (UTF-8 actually) to copy filtered resources, i.e. build is platform dependent!
2024-02-08 21:58:34,670 [Worker-63: Building] INFO  o.a.m.s.f.DefaultMavenResourcesFiltering - skip non existing resourceDirectory E:\04-CIBERTEC\Ciclo 04\lenguaje_progra_2\EXAMENES\proyecto-jpa-main\proyecto-jpa-main\src\test\resources
2024-02-08 21:58:42,451 [Worker-67: Building] WARN  o.a.m.s.f.DefaultMavenResourcesFiltering - Using platform encoding (UTF-8 actually) to copy filtered resources, i.e. build is platform dependent!
2024-02-08 21:58:42,452 [Worker-67: Building] INFO  o.a.m.s.f.DefaultMavenResourcesFiltering - Copying 1 resource from src\main\java to target\classes
2024-02-08 21:58:42,453 [Worker-67: Building] WARN  o.a.m.s.f.DefaultMavenResourcesFiltering - Using platform encoding (UTF-8 actually) to copy filtered resources, i.e. build is platform dependent!
2024-02-08 21:58:42,454 [Worker-67: Building] INFO  o.a.m.s.f.DefaultMavenResourcesFiltering - skip non existing resourceDirectory E:\04-CIBERTEC\Ciclo 04\lenguaje_progra_2\EXAMENES\proyecto-jpa-main\proyecto-jpa-main\src\test\resources
2024-02-08 21:59:19,776 [Worker-63: Building] WARN  o.a.m.s.f.DefaultMavenResourcesFiltering - Using platform encoding (UTF-8 actually) to copy filtered resources, i.e. build is platform dependent!
2024-02-08 21:59:19,776 [Worker-63: Building] INFO  o.a.m.s.f.DefaultMavenResourcesFiltering - Copying 1 resource from src\main\java to target\classes
2024-02-08 21:59:19,778 [Worker-63: Building] WARN  o.a.m.s.f.DefaultMavenResourcesFiltering - Using platform encoding (UTF-8 actually) to copy filtered resources, i.e. build is platform dependent!
2024-02-08 21:59:19,778 [Worker-63: Building] INFO  o.a.m.s.f.DefaultMavenResourcesFiltering - skip non existing resourceDirectory E:\04-CIBERTEC\Ciclo 04\lenguaje_progra_2\EXAMENES\proyecto-jpa-main\proyecto-jpa-main\src\test\resources
2024-02-08 22:05:01,322 [Worker-69: Building] WARN  o.a.m.s.f.DefaultMavenResourcesFiltering - Using platform encoding (UTF-8 actually) to copy filtered resources, i.e. build is platform dependent!
2024-02-08 22:05:01,330 [Worker-69: Building] INFO  o.a.m.s.f.DefaultMavenResourcesFiltering - Copying 1 resource from src\main\java to target\classes
2024-02-08 22:05:01,332 [Worker-69: Building] WARN  o.a.m.s.f.DefaultMavenResourcesFiltering - Using platform encoding (UTF-8 actually) to copy filtered resources, i.e. build is platform dependent!
2024-02-08 22:05:01,332 [Worker-69: Building] INFO  o.a.m.s.f.DefaultMavenResourcesFiltering - skip non existing resourceDirectory E:\04-CIBERTEC\Ciclo 04\lenguaje_progra_2\EXAMENES\proyecto-jpa-main\proyecto-jpa-main\src\test\resources
2024-02-08 22:06:17,194 [Worker-66: Building] WARN  o.a.m.s.f.DefaultMavenResourcesFiltering - Using platform encoding (UTF-8 actually) to copy filtered resources, i.e. build is platform dependent!
2024-02-08 22:06:17,197 [Worker-66: Building] INFO  o.a.m.s.f.DefaultMavenResourcesFiltering - Copying 1 resource from src\main\java to target\classes
2024-02-08 22:06:17,198 [Worker-66: Building] WARN  o.a.m.s.f.DefaultMavenResourcesFiltering - Using platform encoding (UTF-8 actually) to copy filtered resources, i.e. build is platform dependent!
2024-02-08 22:06:17,199 [Worker-66: Building] INFO  o.a.m.s.f.DefaultMavenResourcesFiltering - skip non existing resourceDirectory E:\04-CIBERTEC\Ciclo 04\lenguaje_progra_2\EXAMENES\proyecto-jpa-main\proyecto-jpa-main\src\test\resources
2024-02-08 22:06:25,095 [Worker-69: Building] WARN  o.a.m.s.f.DefaultMavenResourcesFiltering - Using platform encoding (UTF-8 actually) to copy filtered resources, i.e. build is platform dependent!
2024-02-08 22:06:25,096 [Worker-69: Building] INFO  o.a.m.s.f.DefaultMavenResourcesFiltering - Copying 1 resource from src\main\java to target\classes
2024-02-08 22:06:25,097 [Worker-69: Building] WARN  o.a.m.s.f.DefaultMavenResourcesFiltering - Using platform encoding (UTF-8 actually) to copy filtered resources, i.e. build is platform dependent!
2024-02-08 22:06:25,097 [Worker-69: Building] INFO  o.a.m.s.f.DefaultMavenResourcesFiltering - skip non existing resourceDirectory E:\04-CIBERTEC\Ciclo 04\lenguaje_progra_2\EXAMENES\proyecto-jpa-main\proyecto-jpa-main\src\test\resources
2024-02-08 22:10:17,477 [Worker-72: Building] WARN  o.a.m.s.f.DefaultMavenResourcesFiltering - Using platform encoding (UTF-8 actually) to copy filtered resources, i.e. build is platform dependent!
2024-02-08 22:10:17,478 [Worker-72: Building] INFO  o.a.m.s.f.DefaultMavenResourcesFiltering - Copying 1 resource from src\main\java to target\classes
2024-02-08 22:10:17,479 [Worker-72: Building] WARN  o.a.m.s.f.DefaultMavenResourcesFiltering - Using platform encoding (UTF-8 actually) to copy filtered resources, i.e. build is platform dependent!
2024-02-08 22:10:17,480 [Worker-72: Building] INFO  o.a.m.s.f.DefaultMavenResourcesFiltering - skip non existing resourceDirectory E:\04-CIBERTEC\Ciclo 04\lenguaje_progra_2\EXAMENES\proyecto-jpa-main\proyecto-jpa-main\src\test\resources
2024-02-08 22:12:05,327 [Worker-74: Building] WARN  o.a.m.s.f.DefaultMavenResourcesFiltering - Using platform encoding (UTF-8 actually) to copy filtered resources, i.e. build is platform dependent!
2024-02-08 22:12:05,328 [Worker-74: Building] INFO  o.a.m.s.f.DefaultMavenResourcesFiltering - Copying 1 resource from src\main\java to target\classes
2024-02-08 22:12:05,329 [Worker-74: Building] WARN  o.a.m.s.f.DefaultMavenResourcesFiltering - Using platform encoding (UTF-8 actually) to copy filtered resources, i.e. build is platform dependent!
2024-02-08 22:12:05,329 [Worker-74: Building] INFO  o.a.m.s.f.DefaultMavenResourcesFiltering - skip non existing resourceDirectory E:\04-CIBERTEC\Ciclo 04\lenguaje_progra_2\EXAMENES\proyecto-jpa-main\proyecto-jpa-main\src\test\resources
2024-02-08 22:13:25,178 [Worker-76: Building] WARN  o.a.m.s.f.DefaultMavenResourcesFiltering - Using platform encoding (UTF-8 actually) to copy filtered resources, i.e. build is platform dependent!
2024-02-08 22:13:25,179 [Worker-76: Building] INFO  o.a.m.s.f.DefaultMavenResourcesFiltering - Copying 1 resource from src\main\java to target\classes
2024-02-08 22:13:25,180 [Worker-76: Building] WARN  o.a.m.s.f.DefaultMavenResourcesFiltering - Using platform encoding (UTF-8 actually) to copy filtered resources, i.e. build is platform dependent!
2024-02-08 22:13:25,181 [Worker-76: Building] INFO  o.a.m.s.f.DefaultMavenResourcesFiltering - skip non existing resourceDirectory E:\04-CIBERTEC\Ciclo 04\lenguaje_progra_2\EXAMENES\proyecto-jpa-main\proyecto-jpa-main\src\test\resources
2024-02-08 22:14:36,493 [Worker-77: Building] WARN  o.a.m.s.f.DefaultMavenResourcesFiltering - Using platform encoding (UTF-8 actually) to copy filtered resources, i.e. build is platform dependent!
2024-02-08 22:14:36,495 [Worker-77: Building] INFO  o.a.m.s.f.DefaultMavenResourcesFiltering - Copying 1 resource from src\main\java to target\classes
2024-02-08 22:14:36,496 [Worker-77: Building] WARN  o.a.m.s.f.DefaultMavenResourcesFiltering - Using platform encoding (UTF-8 actually) to copy filtered resources, i.e. build is platform dependent!
2024-02-08 22:14:36,496 [Worker-77: Building] INFO  o.a.m.s.f.DefaultMavenResourcesFiltering - skip non existing resourceDirectory E:\04-CIBERTEC\Ciclo 04\lenguaje_progra_2\EXAMENES\proyecto-jpa-main\proyecto-jpa-main\src\test\resources
